[ 2023-01-10 22:39:01 ]:------------------------------------------Import Started------------------------------------------ 
[ 2023-01-10 22:39:02 ]:catalog found on bdroppy.com >New Catalog 
[ 2023-01-10 22:39:08 ]:Article Count found in catalog >20 
[ 2023-01-10 22:39:08 ]:item to be imported : 20 
[ 2023-01-10 22:39:08 ]:importing code : GU7434_02C	 price :120	 brand :Guess	 title :Guess - GU7434 
[ 2023-01-10 22:39:08 ]:Create Product START:code :GU7434_02C 
[ 2023-01-10 22:39:08 ]:Create Product END GU7434_02C 
[ 2023-01-10 22:39:08 ]:importing code : GU7433_52C	 price :120	 brand :Guess	 title :Guess - GU7433 
[ 2023-01-10 22:39:08 ]:Create Product START:code :GU7433_52C 
[ 2023-01-10 22:39:09 ]:Create Product END GU7433_52C 
[ 2023-01-10 22:39:09 ]:importing code : 2750-COTU-CLASSIC-G35_VIOLET	 price :59	 brand :Superga	 title :Superga - 2750-CotuClassic-S000010W 
[ 2023-01-10 22:39:09 ]:importing code : 449413_KY9LG-8606	 price :1350	 brand :Gucci	 title :Gucci - 449413_KY9LG 
[ 2023-01-10 22:39:09 ]:Create Product START:code :449413_KY9LG-8606 
[ 2023-01-10 22:39:09 ]:Create Product END 449413_KY9LG-8606 
[ 2023-01-10 22:39:09 ]:importing code : MINI_BAILEY_BUTTON_II_1016422_GREY	 price :199	 brand :UGG	 title :UGG - MINI_BAILEY_BUTTON_II_1016422 
[ 2023-01-10 22:39:09 ]:Create Product START:code :MINI_BAILEY_BUTTON_II_1016422_GREY 
[ 2023-01-10 22:39:09 ]:Create Product END MINI_BAILEY_BUTTON_II_1016422_GREY 
[ 2023-01-10 22:39:09 ]:importing code : Basket_PlatformVRW-364092-02	 price :110	 brand :Puma	 title :Puma - 364092 
[ 2023-01-10 22:39:09 ]:Create Product START:code :Basket_PlatformVRW-364092-02 
[ 2023-01-10 22:39:09 ]:Create Product END Basket_PlatformVRW-364092-02 
[ 2023-01-10 22:39:09 ]:importing code : Basket_Platform_Pate-363314-08	 price :110	 brand :Puma	 title :Puma - 363314 
[ 2023-01-10 22:39:09 ]:Create Product START:code :Basket_Platform_Pate-363314-08 
[ 2023-01-10 22:39:10 ]:Create Product END Basket_Platform_Pate-363314-08 
[ 2023-01-10 22:39:10 ]:importing code : GU7434_52C	 price :120	 brand :Guess	 title :Guess - GU7434 
[ 2023-01-10 22:39:10 ]:Create Product START:code :GU7434_52C 
[ 2023-01-10 22:39:10 ]:Create Product END GU7434_52C 
[ 2023-01-10 22:39:10 ]:importing code : GU7433_52F	 price :120	 brand :Guess	 title :Guess - GU7433 
[ 2023-01-10 22:39:10 ]:Create Product START:code :GU7433_52F 
[ 2023-01-10 22:39:10 ]:Create Product END GU7433_52F 
[ 2023-01-10 22:39:10 ]:importing code : BETTA_ROSA	 price :69	 brand :Made in Italia	 title :Made in Italia - BETTA 
[ 2023-01-10 22:39:10 ]:Create Product START:code :BETTA_ROSA 
[ 2023-01-10 22:39:10 ]:Create Product END BETTA_ROSA 
[ 2023-01-10 22:39:10 ]:importing code : BETTA_BIANCO	 price :69	 brand :Made in Italia	 title :Made in Italia - BETTA 
[ 2023-01-10 22:39:10 ]:Create Product START:code :BETTA_BIANCO 
[ 2023-01-10 22:39:11 ]:Create Product END BETTA_BIANCO 
[ 2023-01-10 22:39:11 ]:importing code : FIAMMETTA_TAUPE	 price :69	 brand :Made in Italia	 title :Made in Italia - FIAMMETTA 
[ 2023-01-10 22:39:11 ]:Create Product START:code :FIAMMETTA_TAUPE 
[ 2023-01-10 22:39:11 ]:Create Product END FIAMMETTA_TAUPE 
[ 2023-01-10 22:39:11 ]:importing code : MIA_CIELO	 price :65	 brand :Made in Italia	 title :Made in Italia - MIA 
[ 2023-01-10 22:39:11 ]:Create Product START:code :MIA_CIELO 
[ 2023-01-10 22:39:11 ]:Create Product END MIA_CIELO 
[ 2023-01-10 22:39:11 ]:importing code : CORA_SABBIA	 price :75	 brand :Made in Italia	 title :Made in Italia - CORA 
[ 2023-01-10 22:39:11 ]:Create Product START:code :CORA_SABBIA 
[ 2023-01-10 22:39:12 ]:Create Product END CORA_SABBIA 
[ 2023-01-10 22:39:12 ]:importing code : FEDORA_NUDE	 price :75	 brand :Made in Italia	 title :Made in Italia - FEDORA 
[ 2023-01-10 22:39:12 ]:Create Product START:code :FEDORA_NUDE 
[ 2023-01-10 22:39:12 ]:Create Product END FEDORA_NUDE 
[ 2023-01-10 22:39:12 ]:importing code : FEDORA_NERO	 price :75	 brand :Made in Italia	 title :Made in Italia - FEDORA 
[ 2023-01-10 22:39:12 ]:Create Product START:code :FEDORA_NERO 
[ 2023-01-10 22:39:12 ]:Create Product END FEDORA_NERO 
[ 2023-01-10 22:39:12 ]:importing code : ALFONSA_TAUPE	 price :69	 brand :Made in Italia	 title :Made in Italia - ALFONSA 
[ 2023-01-10 22:39:12 ]:Create Product START:code :ALFONSA_TAUPE 
[ 2023-01-10 22:39:13 ]:Create Product END ALFONSA_TAUPE 
[ 2023-01-10 22:39:13 ]:importing code : ALFONSA_BLU	 price :69	 brand :Made in Italia	 title :Made in Italia - ALFONSA 
[ 2023-01-10 22:39:13 ]:Create Product START:code :ALFONSA_BLU 
[ 2023-01-10 22:39:13 ]:Create Product END ALFONSA_BLU 
[ 2023-01-10 22:39:13 ]:importing code : DL0101_56_01Z_B100003	 price :125	 brand :Diesel	 title :Diesel - DL0101_56 
[ 2023-01-10 22:39:13 ]:Create Product START:code :DL0101_56_01Z_B100003 
[ 2023-01-10 22:39:13 ]:Create Product END DL0101_56_01Z_B100003 
[ 2023-01-10 22:39:13 ]:importing code : DL0124_56_90G_B100003	 price :135	 brand :Diesel	 title :Diesel - DL0124 
[ 2023-01-10 22:39:13 ]:Create Product START:code :DL0124_56_90G_B100003 
[ 2023-01-10 22:39:13 ]:Create Product END DL0124_56_90G_B100003 
[ 2023-01-10 22:39:13 ]:------------------------------------------Import Ended------------------------------------------ 
